  test.c
D:\git\practice daily\zhizhen_1_31\test.c(14,7): warning C4013: “test”未定义；假设外部返回 int
test.obj : error LNK2019: 无法解析的外部符号 _test，函数 _main 中引用了该符号
D:\git\practice daily\zhizhen_1_31\Debug\zhizhen_1_31.exe : fatal error LNK1120: 1 个无法解析的外部命令
